

*******************************************************************************
Wed Feb 22 17:28:27 2017


FIT:    data read from "pcf.dat" using 1:2
        format = x:z
        #datapoints = 399
        residuals are weighted equally (unit weight)

function used for fitting: gauss(x)
	gauss(x) = a/(2*PI*s**2)**0.5*exp(-(x-m)**2/(2*s**2))
fitted parameters initialized with current variable values

iter      chisq       delta/lim  lambda   s             m             a            
   0 3.7855819044e+01   0.00e+00  1.34e-01    1.000000e+00   1.000000e+00   1.000000e+00
   9 9.7911579674e+00  -7.91e-01  1.34e-10    1.640325e+00   2.542154e+00   2.680873e+00

After 9 iterations the fit converged.
final sum of squares of residuals : 9.79116
rel. change during last iteration : -7.91168e-06

degrees of freedom    (FIT_NDF)                        : 396
rms of residuals      (FIT_STDFIT) = sqrt(WSSR/ndf)    : 0.157242
variance of residuals (reduced chisquare) = WSSR/ndf   : 0.0247251

Final set of parameters            Asymptotic Standard Error
=======================            ==========================
s               = 1.64032          +/- 0.06136      (3.741%)
m               = 2.54215          +/- 0.05573      (2.192%)
a               = 2.68087          +/- 0.08164      (3.045%)

correlation matrix of the fit parameters:
                s      m      a      
s               1.000 
m              -0.193  1.000 
a               0.672 -0.159  1.000 


*******************************************************************************
Wed Feb 22 17:29:48 2017


FIT:    data read from "pcf.dat" using 1:2
        format = x:z
        #datapoints = 399
        residuals are weighted equally (unit weight)

function used for fitting: gauss(x)
	gauss(x) = a*exp(-(x-m))
fitted parameters initialized with current variable values

iter      chisq       delta/lim  lambda   m             a            
   0 1.3556123336e+02   0.00e+00  5.86e-01    1.000000e+00   1.000000e+00
   4 5.1924210350e+01  -1.27e-02  5.86e-05    4.705956e-01   3.716999e-01

After 4 iterations the fit converged.
final sum of squares of residuals : 51.9242
rel. change during last iteration : -1.26931e-07

degrees of freedom    (FIT_NDF)                        : 397
rms of residuals      (FIT_STDFIT) = sqrt(WSSR/ndf)    : 0.361651
variance of residuals (reduced chisquare) = WSSR/ndf   : 0.130791

Final set of parameters            Asymptotic Standard Error
=======================            ==========================
m               = 0.470596         +/- 8.908e+11    (1.893e+14%)
a               = 0.3717           +/- 3.312e+11    (8.91e+13%)

correlation matrix of the fit parameters:
                m      a      
m               1.000 
a              -1.000  1.000 


*******************************************************************************
Wed Feb 22 17:31:19 2017


FIT:    data read from "pcf.dat" using 1:2
        format = x:z
        x range restricted to [1.00000 : 5.00000]
        #datapoints = 161
        residuals are weighted equally (unit weight)

function used for fitting: gauss(x)
	gauss(x) = a*exp(-(x-m))
fitted parameters initialized with current variable values

iter      chisq       delta/lim  lambda   m             a            
   0 1.7327689725e+01   0.00e+00  3.57e-01    1.000000e+00   1.000000e+00
   3 1.3601738613e+01  -3.39e-01  3.57e-04    1.182876e+00   1.187967e+00

After 3 iterations the fit converged.
final sum of squares of residuals : 13.6017
rel. change during last iteration : -3.38886e-06

degrees of freedom    (FIT_NDF)                        : 159
rms of residuals      (FIT_STDFIT) = sqrt(WSSR/ndf)    : 0.292482
variance of residuals (reduced chisquare) = WSSR/ndf   : 0.0855455

Final set of parameters            Asymptotic Standard Error
=======================            ==========================
m               = 1.18288          +/- 4.74e+11     (4.007e+13%)
a               = 1.18797          +/- 5.634e+11    (4.743e+13%)

correlation matrix of the fit parameters:
                m      a      
m               1.000 
a              -1.000  1.000 


*******************************************************************************
Wed Feb 22 17:34:09 2017


FIT:    data read from "ocf.dat" using 1:2
        format = x:z
        x range restricted to [1.00000 : 5.00000]
        #datapoints = 161
        residuals are weighted equally (unit weight)

function used for fitting: gauss(x)
	gauss(x) = a*exp(-(x-m))
fitted parameters initialized with current variable values

iter      chisq       delta/lim  lambda   m             a            
   0 1.1643842543e+01   0.00e+00  3.57e-01    1.000000e+00   1.000000e+00
   4 2.5566426118e-01  -2.07e-01  3.57e-05    5.011833e-01   4.193077e-01

After 4 iterations the fit converged.
final sum of squares of residuals : 0.255664
rel. change during last iteration : -2.06805e-06

degrees of freedom    (FIT_NDF)                        : 159
rms of residuals      (FIT_STDFIT) = sqrt(WSSR/ndf)    : 0.0400993
variance of residuals (reduced chisquare) = WSSR/ndf   : 0.00160795

Final set of parameters            Asymptotic Standard Error
=======================            ==========================
m               = 0.501183         +/- 1.336e+11    (2.666e+13%)
a               = 0.419308         +/- 5.604e+10    (1.336e+13%)

correlation matrix of the fit parameters:
                m      a      
m               1.000 
a              -1.000  1.000 


*******************************************************************************
Thu Feb 23 15:13:22 2017


FIT:    data read from "pcf.dat" using 1:2
        format = x:z
        x range restricted to [1.00000 : 5.00000]
        #datapoints = 161
        residuals are weighted equally (unit weight)

function used for fitting: gauss(x)
	gauss(x) = a*exp(-(x-m))
fitted parameters initialized with current variable values

iter      chisq       delta/lim  lambda   m             a            
   0 1.7469818169e+01   0.00e+00  3.57e-01    1.000000e+00   1.000000e+00
   3 1.4285002881e+01  -1.75e-01  3.57e-04    1.170976e+00   1.175070e+00

After 3 iterations the fit converged.
final sum of squares of residuals : 14.285
rel. change during last iteration : -1.75311e-06

degrees of freedom    (FIT_NDF)                        : 159
rms of residuals      (FIT_STDFIT) = sqrt(WSSR/ndf)    : 0.299738
variance of residuals (reduced chisquare) = WSSR/ndf   : 0.0898428

Final set of parameters            Asymptotic Standard Error
=======================            ==========================
m               = 1.17098          +/- 5.192e+11    (4.434e+13%)
a               = 1.17507          +/- 6.105e+11    (5.195e+13%)

correlation matrix of the fit parameters:
                m      a      
m               1.000 
a              -1.000  1.000 


*******************************************************************************
Thu Feb 23 15:13:33 2017


FIT:    data read from "pcf.dat" using 1:2
        format = x:z
        x range restricted to [1.00000 : 5.00000]
        #datapoints = 161
        residuals are weighted equally (unit weight)

function used for fitting: gauss(x)
	gauss(x) = a*exp(-(x-m))
fitted parameters initialized with current variable values

iter      chisq       delta/lim  lambda   m             a            
   0 1.7469818169e+01   0.00e+00  3.57e-01    1.000000e+00   1.000000e+00
   3 1.4285002881e+01  -1.75e-01  3.57e-04    1.170976e+00   1.175070e+00

After 3 iterations the fit converged.
final sum of squares of residuals : 14.285
rel. change during last iteration : -1.75311e-06

degrees of freedom    (FIT_NDF)                        : 159
rms of residuals      (FIT_STDFIT) = sqrt(WSSR/ndf)    : 0.299738
variance of residuals (reduced chisquare) = WSSR/ndf   : 0.0898428

Final set of parameters            Asymptotic Standard Error
=======================            ==========================
m               = 1.17098          +/- 5.192e+11    (4.434e+13%)
a               = 1.17507          +/- 6.105e+11    (5.195e+13%)

correlation matrix of the fit parameters:
                m      a      
m               1.000 
a              -1.000  1.000 


*******************************************************************************
Thu Feb 23 15:13:39 2017


FIT:    data read from "ocf.dat" using 1:2
        format = x:z
        x range restricted to [1.00000 : 5.00000]
        #datapoints = 161
        residuals are weighted equally (unit weight)

function used for fitting: gauss(x)
	gauss(x) = a*exp(-(x-m))
fitted parameters initialized with current variable values

iter      chisq       delta/lim  lambda   m             a            
   0 5.3809936130e+00   0.00e+00  3.57e-01    1.000000e+00   1.000000e+00
   4 1.1866988593e+00  -1.91e-05  3.57e-05    7.301819e-01   7.172673e-01

After 4 iterations the fit converged.
final sum of squares of residuals : 1.1867
rel. change during last iteration : -1.90734e-10

degrees of freedom    (FIT_NDF)                        : 159
rms of residuals      (FIT_STDFIT) = sqrt(WSSR/ndf)    : 0.0863916
variance of residuals (reduced chisquare) = WSSR/ndf   : 0.00746351

Final set of parameters            Asymptotic Standard Error
=======================            ==========================
m               = 0.730182         +/- 2.555e+11    (3.5e+13%)
a               = 0.717267         +/- 1.834e+11    (2.556e+13%)

correlation matrix of the fit parameters:
                m      a      
m               1.000 
a              -1.000  1.000 


*******************************************************************************
Tue Feb 28 15:05:26 2017


FIT:    data read from "pcf.dat" using 1:2
        format = x:z
        x range restricted to [1.00000 : 5.00000]
        #datapoints = 26
        residuals are weighted equally (unit weight)

function used for fitting: gauss(x)
	gauss(x) = a*exp(-(x-m))
fitted parameters initialized with current variable values

iter      chisq       delta/lim  lambda   m             a            
   0 -nan              -nan       2.26e-01    1.000000e+00   1.000000e+00

Current data point
=========================
#               = 1 out of 26
x               = -nan           
z               = inf            

Current set of parameters
=========================
m               = -nan           
a               = nan            

BREAK: Function evaluation yields NaN ("not a number")

*******************************************************************************
Tue Mar  7 15:11:17 2017


FIT:    data read from "ocf.dat" using 1:2
        format = x:z
        x range restricted to [1.00000 : 5.00000]
        #datapoints = 161
        residuals are weighted equally (unit weight)

function used for fitting: gauss(x)
	gauss(x) = a*exp(-(x-m))
fitted parameters initialized with current variable values

iter      chisq       delta/lim  lambda   m             a            
   0 -nan              -nan       3.57e-01    1.000000e+00   1.000000e+00

Current data point
=========================
#               = 1 out of 161
x               = nan            
z               = inf            

Current set of parameters
=========================
m               = nan            
a               = nan            

BREAK: Function evaluation yields NaN ("not a number")

*******************************************************************************
Tue Mar  7 15:11:22 2017


FIT:    data read from "pcf.dat" using 1:2
        format = x:z
        x range restricted to [1.00000 : 5.00000]
        #datapoints = 161
        residuals are weighted equally (unit weight)

function used for fitting: gauss(x)
	gauss(x) = a*exp(-(x-m))
fitted parameters initialized with current variable values

iter      chisq       delta/lim  lambda   m             a            
   0 -nan              -nan       3.57e-01    1.000000e+00   1.000000e+00

Current data point
=========================
#               = 1 out of 161
x               = -nan           
z               = inf            

Current set of parameters
=========================
m               = -nan           
a               = nan            

BREAK: Function evaluation yields NaN ("not a number")

*******************************************************************************
Tue Mar  7 15:19:18 2017


FIT:    data read from "ocf.dat" using 1:2
        format = x:z
        x range restricted to [1.00000 : 5.00000]
        #datapoints = 161
        residuals are weighted equally (unit weight)

function used for fitting: gauss(x)
	gauss(x) = a*exp(-(x-m))
fitted parameters initialized with current variable values

iter      chisq       delta/lim  lambda   m             a            
   0 5.8247865100e+00   0.00e+00  3.57e-01    1.000000e+00   1.000000e+00
   4 2.5896889394e+00  -1.23e-06  3.57e-05    7.682162e-01   7.599432e-01

After 4 iterations the fit converged.
final sum of squares of residuals : 2.58969
rel. change during last iteration : -1.23388e-11

degrees of freedom    (FIT_NDF)                        : 159
rms of residuals      (FIT_STDFIT) = sqrt(WSSR/ndf)    : 0.127622
variance of residuals (reduced chisquare) = WSSR/ndf   : 0.0162874

Final set of parameters            Asymptotic Standard Error
=======================            ==========================
m               = 0.768216         +/- 4.025e+11    (5.24e+13%)
a               = 0.759943         +/- 3.06e+11     (4.027e+13%)

correlation matrix of the fit parameters:
                m      a      
m               1.000 
a              -1.000  1.000 


*******************************************************************************
Tue Mar  7 15:19:28 2017


FIT:    data read from "pcf.dat" using 1:2
        format = x:z
        x range restricted to [1.00000 : 5.00000]
        #datapoints = 161
        residuals are weighted equally (unit weight)

function used for fitting: gauss(x)
	gauss(x) = a*exp(-(x-m))
fitted parameters initialized with current variable values

iter      chisq       delta/lim  lambda   m             a            
   0 -nan              -nan       3.57e-01    1.000000e+00   1.000000e+00

Current data point
=========================
#               = 1 out of 161
x               = -nan           
z               = inf            

Current set of parameters
=========================
m               = -nan           
a               = nan            

BREAK: Function evaluation yields NaN ("not a number")

*******************************************************************************
Tue Mar  7 15:28:22 2017


FIT:    data read from "ocf.dat" using 1:2
        format = x:z
        x range restricted to [1.00000 : 5.00000]
        #datapoints = 152
        residuals are weighted equally (unit weight)

function used for fitting: gauss(x)
	gauss(x) = a*exp(-(x-m))
fitted parameters initialized with current variable values

iter      chisq       delta/lim  lambda   m             a            
   0 3.2624284266e+01   0.00e+00  3.02e-01    1.000000e+00   1.000000e+00
   4 1.9938628279e+01  -2.27e-02  3.02e-05    3.224788e-01   8.364156e-02

After 4 iterations the fit converged.
final sum of squares of residuals : 19.9386
rel. change during last iteration : -2.26921e-07

degrees of freedom    (FIT_NDF)                        : 150
rms of residuals      (FIT_STDFIT) = sqrt(WSSR/ndf)    : 0.364588
variance of residuals (reduced chisquare) = WSSR/ndf   : 0.132924

Final set of parameters            Asymptotic Standard Error
=======================            ==========================
m               = 0.322479         +/- 4.19e+12     (1.299e+15%)
a               = 0.0836416        +/- 3.505e+11    (4.191e+14%)

correlation matrix of the fit parameters:
                m      a      
m               1.000 
a              -1.000  1.000 


*******************************************************************************
Tue Mar  7 15:58:53 2017


FIT:    data read from "pcf.dat" using 1:2
        format = x:z
        x range restricted to [1.00000 : 5.00000]
        #datapoints = 161
        residuals are weighted equally (unit weight)

function used for fitting: gauss(x)
	gauss(x) = a*exp(-(x-m))
fitted parameters initialized with current variable values

iter      chisq       delta/lim  lambda   m             a            
   0 1.1544729175e+03   0.00e+00  3.57e-01    1.000000e+00   1.000000e+00
   9 7.2709405863e+02  -7.26e-01  3.57e-04    2.065066e+00   1.918709e+00

After 9 iterations the fit converged.
final sum of squares of residuals : 727.094
rel. change during last iteration : -7.2607e-06

degrees of freedom    (FIT_NDF)                        : 159
rms of residuals      (FIT_STDFIT) = sqrt(WSSR/ndf)    : 2.13844
variance of residuals (reduced chisquare) = WSSR/ndf   : 4.57292

Final set of parameters            Asymptotic Standard Error
=======================            ==========================
m               = 2.06507          +/- 1.349e+12    (6.53e+13%)
a               = 1.91871          +/- 2.59e+12     (1.35e+14%)

correlation matrix of the fit parameters:
                m      a      
m               1.000 
a              -1.000  1.000 


*******************************************************************************
Tue Mar  7 15:58:58 2017


FIT:    data read from "ocf.dat" using 1:2
        format = x:z
        x range restricted to [1.00000 : 5.00000]
        #datapoints = 161
        residuals are weighted equally (unit weight)

function used for fitting: gauss(x)
	gauss(x) = a*exp(-(x-m))
fitted parameters initialized with current variable values

iter      chisq       delta/lim  lambda   m             a            
   0 3.6951815931e+02   0.00e+00  3.57e-01    1.000000e+00   1.000000e+00
   4 2.5108076697e+02  -1.44e-01  3.57e-04    1.650377e+00   1.776256e+00

After 4 iterations the fit converged.
final sum of squares of residuals : 251.081
rel. change during last iteration : -1.44225e-06

degrees of freedom    (FIT_NDF)                        : 159
rms of residuals      (FIT_STDFIT) = sqrt(WSSR/ndf)    : 1.25663
variance of residuals (reduced chisquare) = WSSR/ndf   : 1.57912

Final set of parameters            Asymptotic Standard Error
=======================            ==========================
m               = 1.65038          +/- 1.192e+12    (7.223e+13%)
a               = 1.77626          +/- 2.119e+12    (1.193e+14%)

correlation matrix of the fit parameters:
                m      a      
m               1.000 
a              -1.000  1.000 


*******************************************************************************
Tue Mar  7 16:37:40 2017


FIT:    data read from "ocf.dat" using 1:2
        format = x:z
        x range restricted to [1.00000 : 5.00000]
        #datapoints = 161
        residuals are weighted equally (unit weight)

function used for fitting: gauss(x)
	gauss(x) = a*exp(-(x-m))
fitted parameters initialized with current variable values

iter      chisq       delta/lim  lambda   m             a            
   0 9.2956679101e+00   0.00e+00  3.57e-01    1.000000e+00   1.000000e+00
   3 6.4266923639e+00  -2.59e-01  3.57e-04    1.163417e+00   1.166954e+00

After 3 iterations the fit converged.
final sum of squares of residuals : 6.42669
rel. change during last iteration : -2.59402e-06

degrees of freedom    (FIT_NDF)                        : 159
rms of residuals      (FIT_STDFIT) = sqrt(WSSR/ndf)    : 0.201046
variance of residuals (reduced chisquare) = WSSR/ndf   : 0.0404194

Final set of parameters            Asymptotic Standard Error
=======================            ==========================
m               = 1.16342          +/- 3.764e+11    (3.235e+13%)
a               = 1.16695          +/- 4.395e+11    (3.766e+13%)

correlation matrix of the fit parameters:
                m      a      
m               1.000 
a              -1.000  1.000 


*******************************************************************************
Tue Mar  7 16:38:03 2017


FIT:    data read from "pcf.dat" using 1:2
        format = x:z
        x range restricted to [1.00000 : 5.00000]
        #datapoints = 161
        residuals are weighted equally (unit weight)

function used for fitting: gauss(x)
	gauss(x) = a*exp(-(x-m))
fitted parameters initialized with current variable values

iter      chisq       delta/lim  lambda   m             a            
   0 1.7776245757e+02   0.00e+00  3.57e-01    1.000000e+00   1.000000e+00
   4 1.2803137574e+02  -5.65e-01  3.57e-05    1.468831e+00   1.600395e+00

After 4 iterations the fit converged.
final sum of squares of residuals : 128.031
rel. change during last iteration : -5.65442e-06

degrees of freedom    (FIT_NDF)                        : 159
rms of residuals      (FIT_STDFIT) = sqrt(WSSR/ndf)    : 0.897345
variance of residuals (reduced chisquare) = WSSR/ndf   : 0.805229

Final set of parameters            Asymptotic Standard Error
=======================            ==========================
m               = 1.46883          +/- 1.084e+12    (7.379e+13%)
a               = 1.6004           +/- 1.736e+12    (1.085e+14%)

correlation matrix of the fit parameters:
                m      a      
m               1.000 
a              -1.000  1.000 


*******************************************************************************
Wed Mar  8 16:34:38 2017


FIT:    data read from "ocf.dat" using 1:2
        format = x:z
        x range restricted to [1.00000 : 5.00000]
        #datapoints = 161
        residuals are weighted equally (unit weight)

function used for fitting: gauss(x)
	gauss(x) = a*exp(-(x-m))
fitted parameters initialized with current variable values

iter      chisq       delta/lim  lambda   m             a            
   0 8.5322960712e+01   0.00e+00  3.57e-01    1.000000e+00   1.000000e+00
   4 5.9934344230e+01  -1.56e-02  3.57e-05    1.381727e+00   1.442458e+00

After 4 iterations the fit converged.
final sum of squares of residuals : 59.9343
rel. change during last iteration : -1.56416e-07

degrees of freedom    (FIT_NDF)                        : 159
rms of residuals      (FIT_STDFIT) = sqrt(WSSR/ndf)    : 0.613959
variance of residuals (reduced chisquare) = WSSR/ndf   : 0.376946

Final set of parameters            Asymptotic Standard Error
=======================            ==========================
m               = 1.38173          +/- 7.664e+11    (5.547e+13%)
a               = 1.44246          +/- 1.106e+12    (7.669e+13%)

correlation matrix of the fit parameters:
                m      a      
m               1.000 
a              -1.000  1.000 


*******************************************************************************
Wed Mar  8 16:34:44 2017


FIT:    data read from "pcf.dat" using 1:2
        format = x:z
        x range restricted to [1.00000 : 5.00000]
        #datapoints = 161
        residuals are weighted equally (unit weight)

function used for fitting: gauss(x)
	gauss(x) = a*exp(-(x-m))
fitted parameters initialized with current variable values

iter      chisq       delta/lim  lambda   m             a            
   0 1.6451974931e+02   0.00e+00  3.57e-01    1.000000e+00   1.000000e+00
   4 1.1662281964e+02  -4.90e-01  3.57e-05    1.463892e+00   1.590087e+00

After 4 iterations the fit converged.
final sum of squares of residuals : 116.623
rel. change during last iteration : -4.90412e-06

degrees of freedom    (FIT_NDF)                        : 159
rms of residuals      (FIT_STDFIT) = sqrt(WSSR/ndf)    : 0.856433
variance of residuals (reduced chisquare) = WSSR/ndf   : 0.733477

Final set of parameters            Asymptotic Standard Error
=======================            ==========================
m               = 1.46389          +/- 9.743e+11    (6.656e+13%)
a               = 1.59009          +/- 1.55e+12     (9.75e+13%)

correlation matrix of the fit parameters:
                m      a      
m               1.000 
a              -1.000  1.000 


*******************************************************************************
Thu Mar  9 20:15:46 2017


FIT:    data read from "pcf.dat" using 1:2
        format = x:z
        x range restricted to [1.00000 : 5.00000]
        #datapoints = 161
        residuals are weighted equally (unit weight)

function used for fitting: gauss(x)
fitted parameters initialized with current variable values



 Iteration 0
 WSSR        : 172.679           delta(WSSR)/WSSR   : 0
 delta(WSSR) : 0                 limit for stopping : 1e-05
 lambda	  : 0.356901

initial set of free parameter values

m               = 1
a               = 1

After 4 iterations the fit converged.
final sum of squares of residuals : 121.289
rel. change during last iteration : -7.32705e-06

degrees of freedom    (FIT_NDF)                        : 159
rms of residuals      (FIT_STDFIT) = sqrt(WSSR/ndf)    : 0.873397
variance of residuals (reduced chisquare) = WSSR/ndf   : 0.762823

Final set of parameters            Asymptotic Standard Error
=======================            ==========================

m               = 1.47313          +/- 9.331e+11    (6.334e+13%)
a               = 1.60959          +/- 1.503e+12    (9.337e+13%)


correlation matrix of the fit parameters:

               m      a      
m               1.000 
a              -1.000  1.000 


*******************************************************************************
Thu Mar  9 20:15:54 2017


FIT:    data read from "ocf.dat" using 1:2
        format = x:z
        x range restricted to [1.00000 : 5.00000]
        #datapoints = 161
        residuals are weighted equally (unit weight)

function used for fitting: gauss(x)
fitted parameters initialized with current variable values



 Iteration 0
 WSSR        : 115.904           delta(WSSR)/WSSR   : 0
 delta(WSSR) : 0                 limit for stopping : 1e-05
 lambda	  : 0.356901

initial set of free parameter values

m               = 1
a               = 1

After 4 iterations the fit converged.
final sum of squares of residuals : 79.4837
rel. change during last iteration : -1.25569e-06

degrees of freedom    (FIT_NDF)                        : 159
rms of residuals      (FIT_STDFIT) = sqrt(WSSR/ndf)    : 0.707035
variance of residuals (reduced chisquare) = WSSR/ndf   : 0.499898

Final set of parameters            Asymptotic Standard Error
=======================            ==========================

m               = 1.42803          +/- 8.996e+11    (6.3e+13%)
a               = 1.52062          +/- 1.369e+12    (9.002e+13%)


correlation matrix of the fit parameters:

               m      a      
m               1.000 
a              -1.000  1.000 
