

*******************************************************************************
Wed Feb 22 17:35:40 2017


FIT:    data read from "ocf.dat" using 1:2
        format = x:z
        x range restricted to [1.00000 : 5.00000]
        #datapoints = 161
        residuals are weighted equally (unit weight)

function used for fitting: gauss(x)
	gauss(x) = a*exp(-(x-m))
fitted parameters initialized with current variable values

iter      chisq       delta/lim  lambda   m             a            
   0 4.5661427504e+00   0.00e+00  3.57e-01    1.000000e+00   1.000000e+00
   3 4.3586722987e+00  -2.67e-05  3.57e-04    9.477355e-01   9.476499e-01

After 3 iterations the fit converged.
final sum of squares of residuals : 4.35867
rel. change during last iteration : -2.66744e-10

degrees of freedom    (FIT_NDF)                        : 159
rms of residuals      (FIT_STDFIT) = sqrt(WSSR/ndf)    : 0.165569
variance of residuals (reduced chisquare) = WSSR/ndf   : 0.027413

Final set of parameters            Asymptotic Standard Error
=======================            ==========================
m               = 0.947735         +/- 5.084e+11    (5.365e+13%)
a               = 0.94765          +/- 4.821e+11    (5.087e+13%)

correlation matrix of the fit parameters:
                m      a      
m               1.000 
a              -1.000  1.000 


*******************************************************************************
Wed Feb 22 17:35:58 2017


FIT:    data read from "pcf.dat" using 1:2
        format = x:z
        x range restricted to [1.00000 : 5.00000]
        #datapoints = 161
        residuals are weighted equally (unit weight)

function used for fitting: gauss(x)
	gauss(x) = a*exp(-(x-m))
fitted parameters initialized with current variable values

iter      chisq       delta/lim  lambda   m             a            
   0 1.9234171457e+01   0.00e+00  3.57e-01    1.000000e+00   1.000000e+00
   3 1.4740495876e+01  -6.46e-01  3.57e-04    1.197954e+00   1.204540e+00

After 3 iterations the fit converged.
final sum of squares of residuals : 14.7405
rel. change during last iteration : -6.46274e-06

degrees of freedom    (FIT_NDF)                        : 159
rms of residuals      (FIT_STDFIT) = sqrt(WSSR/ndf)    : 0.304479
variance of residuals (reduced chisquare) = WSSR/ndf   : 0.0927075

Final set of parameters            Asymptotic Standard Error
=======================            ==========================
m               = 1.19795          +/- 4.406e+11    (3.678e+13%)
a               = 1.20454          +/- 5.31e+11     (4.409e+13%)

correlation matrix of the fit parameters:
                m      a      
m               1.000 
a              -1.000  1.000 


*******************************************************************************
Wed Feb 22 17:36:16 2017


FIT:    data read from "pcf.dat" using 1:2
        format = x:z
        x range restricted to [1.00000 : 5.00000]
        #datapoints = 161
        residuals are weighted equally (unit weight)

function used for fitting: gauss(x)
	gauss(x) = a*exp(-(x-m))
fitted parameters initialized with current variable values

iter      chisq       delta/lim  lambda   m             a            
   0 1.9234171457e+01   0.00e+00  3.57e-01    1.000000e+00   1.000000e+00
   3 1.4740495876e+01  -6.46e-01  3.57e-04    1.197954e+00   1.204540e+00

After 3 iterations the fit converged.
final sum of squares of residuals : 14.7405
rel. change during last iteration : -6.46274e-06

degrees of freedom    (FIT_NDF)                        : 159
rms of residuals      (FIT_STDFIT) = sqrt(WSSR/ndf)    : 0.304479
variance of residuals (reduced chisquare) = WSSR/ndf   : 0.0927075

Final set of parameters            Asymptotic Standard Error
=======================            ==========================
m               = 1.19795          +/- 4.406e+11    (3.678e+13%)
a               = 1.20454          +/- 5.31e+11     (4.409e+13%)

correlation matrix of the fit parameters:
                m      a      
m               1.000 
a              -1.000  1.000 


*******************************************************************************
Wed Feb 22 17:39:23 2017


FIT:    data read from "pcf.dat" using 1:2
        format = x:z
        x range restricted to [1.00000 : 5.00000]
        #datapoints = 161
        residuals are weighted equally (unit weight)

function used for fitting: gauss(x)
	gauss(x) = a*exp(-(x-m))
fitted parameters initialized with current variable values

iter      chisq       delta/lim  lambda   m             a            
   0 1.9234171457e+01   0.00e+00  3.57e-01    1.000000e+00   1.000000e+00
   3 1.4740495876e+01  -6.46e-01  3.57e-04    1.197954e+00   1.204540e+00

After 3 iterations the fit converged.
final sum of squares of residuals : 14.7405
rel. change during last iteration : -6.46274e-06

degrees of freedom    (FIT_NDF)                        : 159
rms of residuals      (FIT_STDFIT) = sqrt(WSSR/ndf)    : 0.304479
variance of residuals (reduced chisquare) = WSSR/ndf   : 0.0927075

Final set of parameters            Asymptotic Standard Error
=======================            ==========================
m               = 1.19795          +/- 4.406e+11    (3.678e+13%)
a               = 1.20454          +/- 5.31e+11     (4.409e+13%)

correlation matrix of the fit parameters:
                m      a      
m               1.000 
a              -1.000  1.000 


*******************************************************************************
Wed Feb 22 17:40:12 2017


FIT:    data read from "ocf.dat" using 1:2
        format = x:z
        x range restricted to [1.00000 : 5.00000]
        #datapoints = 161
        residuals are weighted equally (unit weight)

function used for fitting: gauss(x)
	gauss(x) = a*exp(-(x-m))
fitted parameters initialized with current variable values

iter      chisq       delta/lim  lambda   m             a            
   0 4.5661427504e+00   0.00e+00  3.57e-01    1.000000e+00   1.000000e+00
   3 4.3586722987e+00  -2.67e-05  3.57e-04    9.477355e-01   9.476499e-01

After 3 iterations the fit converged.
final sum of squares of residuals : 4.35867
rel. change during last iteration : -2.66744e-10

degrees of freedom    (FIT_NDF)                        : 159
rms of residuals      (FIT_STDFIT) = sqrt(WSSR/ndf)    : 0.165569
variance of residuals (reduced chisquare) = WSSR/ndf   : 0.027413

Final set of parameters            Asymptotic Standard Error
=======================            ==========================
m               = 0.947735         +/- 5.084e+11    (5.365e+13%)
a               = 0.94765          +/- 4.821e+11    (5.087e+13%)

correlation matrix of the fit parameters:
                m      a      
m               1.000 
a              -1.000  1.000 


*******************************************************************************
Thu Feb 23 14:07:55 2017


FIT:    data read from "pcf.dat" using 1:2
        format = x:z
        x range restricted to [1.00000 : 5.00000]
        #datapoints = 161
        residuals are weighted equally (unit weight)

function used for fitting: gauss(x)
	gauss(x) = a*exp(-(x-m))
fitted parameters initialized with current variable values

iter      chisq       delta/lim  lambda   m             a            
   0 1.9234171457e+01   0.00e+00  3.57e-01    1.000000e+00   1.000000e+00
   3 1.4740495876e+01  -6.46e-01  3.57e-04    1.197954e+00   1.204540e+00

After 3 iterations the fit converged.
final sum of squares of residuals : 14.7405
rel. change during last iteration : -6.46274e-06

degrees of freedom    (FIT_NDF)                        : 159
rms of residuals      (FIT_STDFIT) = sqrt(WSSR/ndf)    : 0.304479
variance of residuals (reduced chisquare) = WSSR/ndf   : 0.0927075

Final set of parameters            Asymptotic Standard Error
=======================            ==========================
m               = 1.19795          +/- 4.406e+11    (3.678e+13%)
a               = 1.20454          +/- 5.31e+11     (4.409e+13%)

correlation matrix of the fit parameters:
                m      a      
m               1.000 
a              -1.000  1.000 


*******************************************************************************
Thu Feb 23 14:08:00 2017


FIT:    data read from "ocf.dat" using 1:2
        format = x:z
        x range restricted to [1.00000 : 5.00000]
        #datapoints = 161
        residuals are weighted equally (unit weight)

function used for fitting: gauss(x)
	gauss(x) = a*exp(-(x-m))
fitted parameters initialized with current variable values

iter      chisq       delta/lim  lambda   m             a            
   0 4.5661427504e+00   0.00e+00  3.57e-01    1.000000e+00   1.000000e+00
   3 4.3586722987e+00  -2.67e-05  3.57e-04    9.477355e-01   9.476499e-01

After 3 iterations the fit converged.
final sum of squares of residuals : 4.35867
rel. change during last iteration : -2.66744e-10

degrees of freedom    (FIT_NDF)                        : 159
rms of residuals      (FIT_STDFIT) = sqrt(WSSR/ndf)    : 0.165569
variance of residuals (reduced chisquare) = WSSR/ndf   : 0.027413

Final set of parameters            Asymptotic Standard Error
=======================            ==========================
m               = 0.947735         +/- 5.084e+11    (5.365e+13%)
a               = 0.94765          +/- 4.821e+11    (5.087e+13%)

correlation matrix of the fit parameters:
                m      a      
m               1.000 
a              -1.000  1.000 


*******************************************************************************
Fri Feb 24 00:04:37 2017


FIT:    data read from "ocf.dat" using 1:2
        format = x:z
        x range restricted to [1.00000 : 5.00000]
        #datapoints = 161
        residuals are weighted equally (unit weight)

function used for fitting: gauss(x)
	gauss(x) = a*exp(-(x-m))
fitted parameters initialized with current variable values

iter      chisq       delta/lim  lambda   m             a            
   0 4.5661427504e+00   0.00e+00  3.57e-01    1.000000e+00   1.000000e+00
   3 4.3586722987e+00  -2.67e-05  3.57e-04    9.477355e-01   9.476499e-01

After 3 iterations the fit converged.
final sum of squares of residuals : 4.35867
rel. change during last iteration : -2.66744e-10

degrees of freedom    (FIT_NDF)                        : 159
rms of residuals      (FIT_STDFIT) = sqrt(WSSR/ndf)    : 0.165569
variance of residuals (reduced chisquare) = WSSR/ndf   : 0.027413

Final set of parameters            Asymptotic Standard Error
=======================            ==========================
m               = 0.947735         +/- 5.084e+11    (5.365e+13%)
a               = 0.94765          +/- 4.821e+11    (5.087e+13%)

correlation matrix of the fit parameters:
                m      a      
m               1.000 
a              -1.000  1.000 


*******************************************************************************
Fri Feb 24 00:05:25 2017


FIT:    data read from "ocf.dat" using 1:2
        format = x:z
        x range restricted to [1.00000 : 5.00000]
        #datapoints = 161
        residuals are weighted equally (unit weight)

function used for fitting: gauss(x)
	gauss(x) = a*exp(-b*(x-m))
fitted parameters initialized with current variable values

iter      chisq       delta/lim  lambda   m             a             b            
   0 4.5661427504e+00   0.00e+00  3.25e-01    1.000000e+00   1.000000e+00   1.000000e+00
   4 1.9492969382e+00  -1.63e-02  3.25e-05    7.724318e-01   7.027632e-01   4.194325e-01

After 4 iterations the fit converged.
final sum of squares of residuals : 1.9493
rel. change during last iteration : -1.63156e-07

degrees of freedom    (FIT_NDF)                        : 158
rms of residuals      (FIT_STDFIT) = sqrt(WSSR/ndf)    : 0.111073
variance of residuals (reduced chisquare) = WSSR/ndf   : 0.0123373

Final set of parameters            Asymptotic Standard Error
=======================            ==========================
m               = 0.772432         +/- 1.821e+11    (2.357e+13%)
a               = 0.702763         +/- 5.367e+10    (7.637e+12%)
b               = 0.419432         +/- 0.0302       (7.201%)

correlation matrix of the fit parameters:
                m      a      b      
m               1.000 
a              -1.000  1.000 
b               0.372 -0.372  1.000 


*******************************************************************************
Fri Feb 24 00:06:10 2017


FIT:    data read from "pcf.dat" using 1:2
        format = x:z
        x range restricted to [1.00000 : 5.00000]
        #datapoints = 161
        residuals are weighted equally (unit weight)

function used for fitting: gauss(x)
	gauss(x) = a*exp(-b*(x-m))
fitted parameters initialized with current variable values

iter      chisq       delta/lim  lambda   m             a             b            
   0 1.9234171457e+01   0.00e+00  3.25e-01    1.000000e+00   1.000000e+00   1.000000e+00
   5 3.1122781458e+00  -2.80e-03  3.25e-05    1.022160e+00   9.662515e-01   3.148068e-01

After 5 iterations the fit converged.
final sum of squares of residuals : 3.11228
rel. change during last iteration : -2.79573e-08

degrees of freedom    (FIT_NDF)                        : 158
rms of residuals      (FIT_STDFIT) = sqrt(WSSR/ndf)    : 0.140349
variance of residuals (reduced chisquare) = WSSR/ndf   : 0.019698

Final set of parameters            Asymptotic Standard Error
=======================            ==========================
m               = 1.02216          +/- 2.041e+11    (1.997e+13%)
a               = 0.966252         +/- 6.21e+10     (6.427e+12%)
b               = 0.314807         +/- 0.01876      (5.96%)

correlation matrix of the fit parameters:
                m      a      b      
m               1.000 
a              -1.000  1.000 
b               0.055 -0.055  1.000 


*******************************************************************************
Fri Feb 24 00:08:54 2017


FIT:    data read from "pcf.dat" using 1:2
        format = x:z
        x range restricted to [1.00000 : 5.00000]
        #datapoints = 161
        residuals are weighted equally (unit weight)

function used for fitting: gauss(x)
	gauss(x) = a*exp(-b*(x-m))
fitted parameters initialized with current variable values

iter      chisq       delta/lim  lambda   m             a             b            
   0 1.9234171457e+01   0.00e+00  3.25e-01    1.000000e+00   1.000000e+00   1.000000e+00
   5 3.1122781458e+00  -2.80e-03  3.25e-05    1.022160e+00   9.662515e-01   3.148068e-01

After 5 iterations the fit converged.
final sum of squares of residuals : 3.11228
rel. change during last iteration : -2.79573e-08

degrees of freedom    (FIT_NDF)                        : 158
rms of residuals      (FIT_STDFIT) = sqrt(WSSR/ndf)    : 0.140349
variance of residuals (reduced chisquare) = WSSR/ndf   : 0.019698

Final set of parameters            Asymptotic Standard Error
=======================            ==========================
m               = 1.02216          +/- 2.041e+11    (1.997e+13%)
a               = 0.966252         +/- 6.21e+10     (6.427e+12%)
b               = 0.314807         +/- 0.01876      (5.96%)

correlation matrix of the fit parameters:
                m      a      b      
m               1.000 
a              -1.000  1.000 
b               0.055 -0.055  1.000 


*******************************************************************************
Fri Feb 24 00:09:00 2017


FIT:    data read from "ocf.dat" using 1:2
        format = x:z
        x range restricted to [1.00000 : 5.00000]
        #datapoints = 161
        residuals are weighted equally (unit weight)

function used for fitting: gauss(x)
	gauss(x) = a*exp(-b*(x-m))
fitted parameters initialized with current variable values

iter      chisq       delta/lim  lambda   m             a             b            
   0 4.5661427504e+00   0.00e+00  3.25e-01    1.000000e+00   1.000000e+00   1.000000e+00
   4 1.9492969382e+00  -1.63e-02  3.25e-05    7.724318e-01   7.027632e-01   4.194325e-01

After 4 iterations the fit converged.
final sum of squares of residuals : 1.9493
rel. change during last iteration : -1.63156e-07

degrees of freedom    (FIT_NDF)                        : 158
rms of residuals      (FIT_STDFIT) = sqrt(WSSR/ndf)    : 0.111073
variance of residuals (reduced chisquare) = WSSR/ndf   : 0.0123373

Final set of parameters            Asymptotic Standard Error
=======================            ==========================
m               = 0.772432         +/- 1.821e+11    (2.357e+13%)
a               = 0.702763         +/- 5.367e+10    (7.637e+12%)
b               = 0.419432         +/- 0.0302       (7.201%)

correlation matrix of the fit parameters:
                m      a      b      
m               1.000 
a              -1.000  1.000 
b               0.372 -0.372  1.000 


*******************************************************************************
Fri Feb 24 00:13:52 2017


FIT:    data read from "pcf.dat" using 1:2
        format = x:z
        x range restricted to [1.00000 : 5.00000]
        #datapoints = 161
        residuals are weighted equally (unit weight)

function used for fitting: gauss(x)
	gauss(x) = a*exp(-b*(x-m))
fitted parameters initialized with current variable values

iter      chisq       delta/lim  lambda   m             a             b            
   0 1.9234171457e+01   0.00e+00  3.25e-01    1.000000e+00   1.000000e+00   1.000000e+00
   5 3.1122781458e+00  -2.80e-03  3.25e-05    1.022160e+00   9.662515e-01   3.148068e-01

After 5 iterations the fit converged.
final sum of squares of residuals : 3.11228
rel. change during last iteration : -2.79573e-08

degrees of freedom    (FIT_NDF)                        : 158
rms of residuals      (FIT_STDFIT) = sqrt(WSSR/ndf)    : 0.140349
variance of residuals (reduced chisquare) = WSSR/ndf   : 0.019698

Final set of parameters            Asymptotic Standard Error
=======================            ==========================
m               = 1.02216          +/- 2.041e+11    (1.997e+13%)
a               = 0.966252         +/- 6.21e+10     (6.427e+12%)
b               = 0.314807         +/- 0.01876      (5.96%)

correlation matrix of the fit parameters:
                m      a      b      
m               1.000 
a              -1.000  1.000 
b               0.055 -0.055  1.000 


*******************************************************************************
Fri Feb 24 00:14:10 2017


FIT:    data read from "ocf.dat" using 1:2
        format = x:z
        x range restricted to [1.00000 : 5.00000]
        #datapoints = 161
        residuals are weighted equally (unit weight)

function used for fitting: gauss(x)
	gauss(x) = a*exp(-b*(x-m))
fitted parameters initialized with current variable values

iter      chisq       delta/lim  lambda   m             a             b            
   0 4.5661427504e+00   0.00e+00  3.25e-01    1.000000e+00   1.000000e+00   1.000000e+00
   4 1.9492969382e+00  -1.63e-02  3.25e-05    7.724318e-01   7.027632e-01   4.194325e-01

After 4 iterations the fit converged.
final sum of squares of residuals : 1.9493
rel. change during last iteration : -1.63156e-07

degrees of freedom    (FIT_NDF)                        : 158
rms of residuals      (FIT_STDFIT) = sqrt(WSSR/ndf)    : 0.111073
variance of residuals (reduced chisquare) = WSSR/ndf   : 0.0123373

Final set of parameters            Asymptotic Standard Error
=======================            ==========================
m               = 0.772432         +/- 1.821e+11    (2.357e+13%)
a               = 0.702763         +/- 5.367e+10    (7.637e+12%)
b               = 0.419432         +/- 0.0302       (7.201%)

correlation matrix of the fit parameters:
                m      a      b      
m               1.000 
a              -1.000  1.000 
b               0.372 -0.372  1.000 


*******************************************************************************
Fri Feb 24 00:14:34 2017


FIT:    data read from "pcf.dat" using 1:2
        format = x:z
        x range restricted to [1.00000 : 5.00000]
        #datapoints = 161
        residuals are weighted equally (unit weight)

function used for fitting: gauss(x)
	gauss(x) = a*exp(-b*(x-m))
fitted parameters initialized with current variable values

iter      chisq       delta/lim  lambda   m             a             b            
   0 1.9234171457e+01   0.00e+00  3.25e-01    1.000000e+00   1.000000e+00   1.000000e+00
   5 3.1122781458e+00  -2.80e-03  3.25e-05    1.022160e+00   9.662515e-01   3.148068e-01

After 5 iterations the fit converged.
final sum of squares of residuals : 3.11228
rel. change during last iteration : -2.79573e-08

degrees of freedom    (FIT_NDF)                        : 158
rms of residuals      (FIT_STDFIT) = sqrt(WSSR/ndf)    : 0.140349
variance of residuals (reduced chisquare) = WSSR/ndf   : 0.019698

Final set of parameters            Asymptotic Standard Error
=======================            ==========================
m               = 1.02216          +/- 2.041e+11    (1.997e+13%)
a               = 0.966252         +/- 6.21e+10     (6.427e+12%)
b               = 0.314807         +/- 0.01876      (5.96%)

correlation matrix of the fit parameters:
                m      a      b      
m               1.000 
a              -1.000  1.000 
b               0.055 -0.055  1.000 


*******************************************************************************
Fri Feb 24 00:15:50 2017


FIT:    data read from "pcf.dat" using 1:2
        format = x:z
        x range restricted to [1.00000 : 5.00000]
        #datapoints = 161
        residuals are weighted equally (unit weight)

function used for fitting: fit(x)
	fit(x) = a*exp(-b*(x-m))
fitted parameters initialized with current variable values

iter      chisq       delta/lim  lambda   m             a             b            
   0 1.9234171457e+01   0.00e+00  3.25e-01    1.000000e+00   1.000000e+00   1.000000e+00
   5 3.1122781458e+00  -2.80e-03  3.25e-05    1.022160e+00   9.662515e-01   3.148068e-01

After 5 iterations the fit converged.
final sum of squares of residuals : 3.11228
rel. change during last iteration : -2.79573e-08

degrees of freedom    (FIT_NDF)                        : 158
rms of residuals      (FIT_STDFIT) = sqrt(WSSR/ndf)    : 0.140349
variance of residuals (reduced chisquare) = WSSR/ndf   : 0.019698

Final set of parameters            Asymptotic Standard Error
=======================            ==========================
m               = 1.02216          +/- 2.041e+11    (1.997e+13%)
a               = 0.966252         +/- 6.21e+10     (6.427e+12%)
b               = 0.314807         +/- 0.01876      (5.96%)

correlation matrix of the fit parameters:
                m      a      b      
m               1.000 
a              -1.000  1.000 
b               0.055 -0.055  1.000 


*******************************************************************************
Fri Feb 24 00:16:04 2017


FIT:    data read from "ocf.dat" using 1:2
        format = x:z
        x range restricted to [1.00000 : 5.00000]
        #datapoints = 161
        residuals are weighted equally (unit weight)

function used for fitting: fit(x)
	fit(x) = a*exp(-b*(x-m))
fitted parameters initialized with current variable values

iter      chisq       delta/lim  lambda   m             a             b            
   0 4.5661427504e+00   0.00e+00  3.25e-01    1.000000e+00   1.000000e+00   1.000000e+00
   4 1.9492969382e+00  -1.63e-02  3.25e-05    7.724318e-01   7.027632e-01   4.194325e-01

After 4 iterations the fit converged.
final sum of squares of residuals : 1.9493
rel. change during last iteration : -1.63156e-07

degrees of freedom    (FIT_NDF)                        : 158
rms of residuals      (FIT_STDFIT) = sqrt(WSSR/ndf)    : 0.111073
variance of residuals (reduced chisquare) = WSSR/ndf   : 0.0123373

Final set of parameters            Asymptotic Standard Error
=======================            ==========================
m               = 0.772432         +/- 1.821e+11    (2.357e+13%)
a               = 0.702763         +/- 5.367e+10    (7.637e+12%)
b               = 0.419432         +/- 0.0302       (7.201%)

correlation matrix of the fit parameters:
                m      a      b      
m               1.000 
a              -1.000  1.000 
b               0.372 -0.372  1.000 


*******************************************************************************
Fri Feb 24 00:19:34 2017


FIT:    data read from "ocf.dat" using 1:2
        format = x:z
        x range restricted to [1.00000 : 5.00000]
        #datapoints = 161
        residuals are weighted equally (unit weight)

function used for fitting: fit(x)
	fit(x) = a*exp(-b*(x-m))
fitted parameters initialized with current variable values

iter      chisq       delta/lim  lambda   m             a             b            
   0 4.5661427504e+00   0.00e+00  3.25e-01    1.000000e+00   1.000000e+00   1.000000e+00
   4 1.9492969382e+00  -1.63e-02  3.25e-05    7.724318e-01   7.027632e-01   4.194325e-01

After 4 iterations the fit converged.
final sum of squares of residuals : 1.9493
rel. change during last iteration : -1.63156e-07

degrees of freedom    (FIT_NDF)                        : 158
rms of residuals      (FIT_STDFIT) = sqrt(WSSR/ndf)    : 0.111073
variance of residuals (reduced chisquare) = WSSR/ndf   : 0.0123373

Final set of parameters            Asymptotic Standard Error
=======================            ==========================
m               = 0.772432         +/- 1.821e+11    (2.357e+13%)
a               = 0.702763         +/- 5.367e+10    (7.637e+12%)
b               = 0.419432         +/- 0.0302       (7.201%)

correlation matrix of the fit parameters:
                m      a      b      
m               1.000 
a              -1.000  1.000 
b               0.372 -0.372  1.000 


*******************************************************************************
Fri Feb 24 00:19:38 2017


FIT:    data read from "pcf.dat" using 1:2
        format = x:z
        x range restricted to [1.00000 : 5.00000]
        #datapoints = 161
        residuals are weighted equally (unit weight)

function used for fitting: fit(x)
	fit(x) = a*exp(-b*(x-m))
fitted parameters initialized with current variable values

iter      chisq       delta/lim  lambda   m             a             b            
   0 1.9234171457e+01   0.00e+00  3.25e-01    1.000000e+00   1.000000e+00   1.000000e+00
   5 3.1122781458e+00  -2.80e-03  3.25e-05    1.022160e+00   9.662515e-01   3.148068e-01

After 5 iterations the fit converged.
final sum of squares of residuals : 3.11228
rel. change during last iteration : -2.79573e-08

degrees of freedom    (FIT_NDF)                        : 158
rms of residuals      (FIT_STDFIT) = sqrt(WSSR/ndf)    : 0.140349
variance of residuals (reduced chisquare) = WSSR/ndf   : 0.019698

Final set of parameters            Asymptotic Standard Error
=======================            ==========================
m               = 1.02216          +/- 2.041e+11    (1.997e+13%)
a               = 0.966252         +/- 6.21e+10     (6.427e+12%)
b               = 0.314807         +/- 0.01876      (5.96%)

correlation matrix of the fit parameters:
                m      a      b      
m               1.000 
a              -1.000  1.000 
b               0.055 -0.055  1.000 


*******************************************************************************
Fri Feb 24 00:19:54 2017


FIT:    data read from "pcf.dat" using 1:2
        format = x:z
        x range restricted to [1.00000 : 18.0000]
        #datapoints = 661
        residuals are weighted equally (unit weight)

function used for fitting: fit(x)
	fit(x) = a*exp(-b*(x-m))
fitted parameters initialized with current variable values

iter      chisq       delta/lim  lambda   m             a             b            
   0 2.2220786485e+01   0.00e+00  1.60e-01    1.000000e+00   1.000000e+00   1.000000e+00
  12 3.2640378405e+00  -1.48e-04  1.60e-05    1.027091e+00   9.964994e-01   3.464615e-01

After 12 iterations the fit converged.
final sum of squares of residuals : 3.26404
rel. change during last iteration : -1.48217e-09

degrees of freedom    (FIT_NDF)                        : 658
rms of residuals      (FIT_STDFIT) = sqrt(WSSR/ndf)    : 0.0704311
variance of residuals (reduced chisquare) = WSSR/ndf   : 0.00496054

Final set of parameters            Asymptotic Standard Error
=======================            ==========================
m               = 1.02709          +/- 8.871e+10    (8.637e+12%)
a               = 0.996499         +/- 3.063e+10    (3.074e+12%)
b               = 0.346462         +/- 0.006611     (1.908%)

correlation matrix of the fit parameters:
                m      a      b      
m               1.000 
a              -1.000  1.000 
b              -0.268  0.268  1.000 


*******************************************************************************
Fri Feb 24 00:20:08 2017


FIT:    data read from "ocf.dat" using 1:2
        format = x:z
        x range restricted to [1.00000 : 5.00000]
        #datapoints = 161
        residuals are weighted equally (unit weight)

function used for fitting: fit(x)
	fit(x) = a*exp(-b*(x-m))
fitted parameters initialized with current variable values

iter      chisq       delta/lim  lambda   m             a             b            
   0 4.5661427504e+00   0.00e+00  3.25e-01    1.000000e+00   1.000000e+00   1.000000e+00
   4 1.9492969382e+00  -1.63e-02  3.25e-05    7.724318e-01   7.027632e-01   4.194325e-01

After 4 iterations the fit converged.
final sum of squares of residuals : 1.9493
rel. change during last iteration : -1.63156e-07

degrees of freedom    (FIT_NDF)                        : 158
rms of residuals      (FIT_STDFIT) = sqrt(WSSR/ndf)    : 0.111073
variance of residuals (reduced chisquare) = WSSR/ndf   : 0.0123373

Final set of parameters            Asymptotic Standard Error
=======================            ==========================
m               = 0.772432         +/- 1.821e+11    (2.357e+13%)
a               = 0.702763         +/- 5.367e+10    (7.637e+12%)
b               = 0.419432         +/- 0.0302       (7.201%)

correlation matrix of the fit parameters:
                m      a      b      
m               1.000 
a              -1.000  1.000 
b               0.372 -0.372  1.000 


*******************************************************************************
Fri Feb 24 00:20:21 2017


FIT:    data read from "ocf.dat" using 1:2
        format = x:z
        x range restricted to [1.00000 : 18.0000]
        #datapoints = 661
        residuals are weighted equally (unit weight)

function used for fitting: fit(x)
	fit(x) = a*exp(-b*(x-m))
fitted parameters initialized with current variable values

iter      chisq       delta/lim  lambda   m             a             b            
   0 5.2081113891e+00   0.00e+00  1.60e-01    1.000000e+00   1.000000e+00   1.000000e+00
   5 1.9601889392e+00  -1.14e-03  1.60e-06    7.689575e-01   7.014058e-01   4.154845e-01

After 5 iterations the fit converged.
final sum of squares of residuals : 1.96019
rel. change during last iteration : -1.1404e-08

degrees of freedom    (FIT_NDF)                        : 658
rms of residuals      (FIT_STDFIT) = sqrt(WSSR/ndf)    : 0.0545803
variance of residuals (reduced chisquare) = WSSR/ndf   : 0.00297901

Final set of parameters            Asymptotic Standard Error
=======================            ==========================
m               = 0.768958         +/- 7.55e+10     (9.818e+12%)
a               = 0.701406         +/- 2.201e+10    (3.137e+12%)
b               = 0.415484         +/- 0.01022      (2.461%)

correlation matrix of the fit parameters:
                m      a      b      
m               1.000 
a              -1.000  1.000 
b               0.031 -0.031  1.000 
